<?xml version="1.0" encoding="UTF-8"?>
<!-- Generated by org.testng.reporters.JUnitXMLReporter -->
<testsuite ignored="0" hostname="DESKTOP-LFBGPTD" failures="1" tests="1" name="chromeTest" time="5.422" errors="0" timestamp="2024-10-10T01:35:44 IST">
  <testcase classname="testCases.SubCategoryTest" name="addSubCategory" time="2.491">
    <failure type="java.lang.AssertionError" message="expected [true] but found [false]">
      <![CDATA[java.lang.AssertionError: expected [true] but found [false]
at testCases.SubCategoryTest.addSubCategory(SubCategoryTest.java:32)
at java.base/java.util.ArrayList.forEach(ArrayList.java:1597)
... Removed 32 stack frames]]>
    </failure>
  </testcase> <!-- addSubCategory -->
</testsuite> <!-- chromeTest -->
