<?xml version="1.0" encoding="UTF-8"?>
<!-- Generated by org.testng.reporters.JUnitXMLReporter -->
<testsuite ignored="6" hostname="DESKTOP-LFBGPTD" failures="1" tests="7" name="firefoxTest" time="86.714" errors="0" timestamp="2024-11-03T08:35:40 IST">
  <testcase classname="testCases.LoginPageTest" name="verifyLoginWithValidCredentials" time="1.376"/>
  <testcase classname="testCases.ManageContactTest" name="updateWithoutMandatoryFields" time="2.972">
    <skipped/>
  </testcase> <!-- updateWithoutMandatoryFields -->
  <testcase classname="testCases.ManageContactTest" name="updateWithoutMandatoryFields" time="2.766">
    <skipped/>
  </testcase> <!-- updateWithoutMandatoryFields -->
  <testcase classname="testCases.ManageContactTest" name="updateWithoutMandatoryFields" time="1.93">
    <skipped/>
  </testcase> <!-- updateWithoutMandatoryFields -->
  <testcase classname="testCases.ManageContactTest" name="updateWithoutMandatoryFields" time="1.922">
    <failure type="java.lang.AssertionError" message="expected [true] but found [false]">
      <![CDATA[java.lang.AssertionError: expected [true] but found [false]
at testCases.ManageContactTest.updateWithoutMandatoryFields(ManageContactTest.java:22)
at java.base/java.util.ArrayList.forEach(ArrayList.java:1511)
at java.base/java.util.concurrent.FutureTask.run(FutureTask.java:264)
at java.base/java.util.concurrent.ThreadPoolExecutor.runWorker(ThreadPoolExecutor.java:1136)
at java.base/java.util.concurrent.ThreadPoolExecutor$Worker.run(ThreadPoolExecutor.java:635)
at java.base/java.lang.Thread.run(Thread.java:833)
... Removed 24 stack frames]]>
    </failure>
  </testcase> <!-- updateWithoutMandatoryFields -->
  <testcase classname="testCases.ManageNewsTest" name="deleteNews" time="1.714"/>
  <testcase classname="testCases.SubCategoryTest" name="addSubCategory" time="2.528"/>
  <testcase classname="testCases.ManageNewsTest" name="addNews" time="0.0">
    <ignored/>
  </testcase> <!-- addNews -->
  <testcase classname="testCases.ManageContactTest" name="updateContact" time="0.0">
    <ignored/>
  </testcase> <!-- updateContact -->
  <testcase classname="testCases.ManageNewsTest" name="searchNews" time="0.0">
    <ignored/>
  </testcase> <!-- searchNews -->
  <testcase classname="testCases.LoginPageTest" name="verifyLoginWithInValidCredentials" time="0.0">
    <ignored/>
  </testcase> <!-- verifyLoginWithInValidCredentials -->
  <testcase classname="testCases.SubCategoryTest" name="deleteSubCategory" time="0.0">
    <ignored/>
  </testcase> <!-- deleteSubCategory -->
  <testcase classname="testCases.SubCategoryTest" name="searchSubCategory" time="0.0">
    <ignored/>
  </testcase> <!-- searchSubCategory -->
</testsuite> <!-- firefoxTest -->
